<?xml version="1.0" encoding="UTF-8"?>
<!-- Generated by org.testng.reporters.JUnitReportReporter -->
<testsuite hostname="LAPTOP-03JVINRK" failures="0" tests="1" name="com.mystore.testcases.EndToEndTest" time="39.751" errors="0" timestamp="2022-07-10T10:10:50 IST" skipped="0">
  <testcase classname="com.mystore.testcases.EndToEndTest" name="endToEndTest" time="39.751"/>
  <system-out/>
</testsuite> <!-- com.mystore.testcases.EndToEndTest -->
