<?xml version="1.0" encoding="UTF-8"?>
<!-- Generated by org.testng.reporters.JUnitReportReporter -->
<testsuite hostname="LAPTOP-03JVINRK" failures="0" tests="1" name="com.mystore.testcases.SearchResultPageTest" time="12.460" errors="0" timestamp="2022-07-10T10:10:50 IST" skipped="0">
  <testcase classname="com.mystore.testcases.SearchResultPageTest" name="productAvailabilityTest" time="12.460"/>
  <system-out/>
</testsuite> <!-- com.mystore.testcases.SearchResultPageTest -->
