<?xml version="1.0" encoding="UTF-8"?>
<!-- Generated by org.testng.reporters.JUnitReportReporter -->
<testsuite hostname="LAPTOP-03JVINRK" failures="0" tests="2" name="com.mystore.testcases.HomePageTest" time="29.088" errors="0" timestamp="2022-07-10T10:10:50 IST" skipped="0">
  <testcase classname="com.mystore.testcases.HomePageTest" name="wishListTest" time="14.562"/>
  <system-out/>
  <testcase classname="com.mystore.testcases.HomePageTest" name="orderHistoryandDetailsTest" time="14.526"/>
  <system-out/>
</testsuite> <!-- com.mystore.testcases.HomePageTest -->
